[ 2017-09-12T18:25:15+08:00 ] 60.216.135.6 /tp/
INFO: [ app_begin ] --START--
INFO: ReadHtmlCache Behavior ::run [ RunTime:0.003138s ]
INFO: [ app_begin ] --END-- [ RunTime:0.004126s ]
INFO: [ view_parse ] --START--
NOTIC: [8] Undefined variable: href1 /home/wwwroot/default/tp/Home/Runtime/Cache/7e4848229090366086cc7eeb3bfc0798.php 第 7 行.
NOTIC: [8] Undefined variable: href2 /home/wwwroot/default/tp/Home/Runtime/Cache/7e4848229090366086cc7eeb3bfc0798.php 第 8 行.
INFO: ParseTemplate Behavior ::run [ RunTime:0.018506s ]
INFO: [ view_parse ] --END-- [ RunTime:0.018607s ]
INFO: [ view_filter ] --START--
INFO: ContentReplace Behavior ::run [ RunTime:0.000391s ]
INFO: TokenBuild Behavior ::run [ RunTime:0.000889s ]
INFO: WriteHtmlCache Behavior ::run [ RunTime:0.000331s ]
INFO: ShowRuntime Behavior ::run [ RunTime:0.001269s ]
INFO: [ view_filter ] --END-- [ RunTime:0.003290s ]
INFO: [ view_end ] --START--
INFO: ShowPageTrace Behavior ::run [ RunTime:0.002141s ]
INFO: [ view_end ] --END-- [ RunTime:0.002581s ]

[ 2017-09-12T18:25:34+08:00 ] 60.216.135.6 /tp/index.php/index/fileDetails
INFO: [ route_check ] --START--
INFO: CheckRoute Behavior ::run [ RunTime:0.001403s ]
INFO: [ route_check ] --END-- [ RunTime:0.001461s ]
INFO: [ app_begin ] --START--
INFO: ReadHtmlCache Behavior ::run [ RunTime:0.000342s ]
INFO: [ app_begin ] --END-- [ RunTime:0.000371s ]
INFO: [ view_parse ] --START--
INFO: ParseTemplate Behavior ::run [ RunTime:0.014783s ]
INFO: [ view_parse ] --END-- [ RunTime:0.015095s ]
INFO: [ view_filter ] --START--
INFO: ContentReplace Behavior ::run [ RunTime:0.000327s ]
INFO: TokenBuild Behavior ::run [ RunTime:0.000233s ]
INFO: WriteHtmlCache Behavior ::run [ RunTime:0.000430s ]
INFO: ShowRuntime Behavior ::run [ RunTime:0.000994s ]
INFO: [ view_filter ] --END-- [ RunTime:0.002248s ]
INFO: [ view_end ] --START--
INFO: ShowPageTrace Behavior ::run [ RunTime:0.001112s ]
INFO: [ view_end ] --END-- [ RunTime:0.001343s ]

[ 2017-09-12T18:25:48+08:00 ] 106.120.160.119 /tp/
INFO: [ app_begin ] --START--
INFO: ReadHtmlCache Behavior ::run [ RunTime:0.000327s ]
INFO: [ app_begin ] --END-- [ RunTime:0.000363s ]
INFO: [ view_parse ] --START--
NOTIC: [8] Undefined variable: href1 /home/wwwroot/default/tp/Home/Runtime/Cache/7e4848229090366086cc7eeb3bfc0798.php 第 7 行.
NOTIC: [8] Undefined variable: href2 /home/wwwroot/default/tp/Home/Runtime/Cache/7e4848229090366086cc7eeb3bfc0798.php 第 8 行.
INFO: ParseTemplate Behavior ::run [ RunTime:0.010914s ]
INFO: [ view_parse ] --END-- [ RunTime:0.010949s ]
INFO: [ view_filter ] --START--
INFO: ContentReplace Behavior ::run [ RunTime:0.000402s ]
INFO: TokenBuild Behavior ::run [ RunTime:0.000226s ]
INFO: WriteHtmlCache Behavior ::run [ RunTime:0.000157s ]
INFO: ShowRuntime Behavior ::run [ RunTime:0.000259s ]
INFO: [ view_filter ] --END-- [ RunTime:0.001123s ]
INFO: [ view_end ] --START--
INFO: ShowPageTrace Behavior ::run [ RunTime:0.001121s ]
INFO: [ view_end ] --END-- [ RunTime:0.001166s ]

[ 2017-09-12T18:25:58+08:00 ] 106.120.160.119 /tp/
INFO: [ app_begin ] --START--
INFO: ReadHtmlCache Behavior ::run [ RunTime:0.001560s ]
INFO: [ app_begin ] --END-- [ RunTime:0.002337s ]
INFO: [ view_parse ] --START--
NOTIC: [8] Undefined variable: href1 /home/wwwroot/default/tp/Home/Runtime/Cache/7e4848229090366086cc7eeb3bfc0798.php 第 7 行.
NOTIC: [8] Undefined variable: href2 /home/wwwroot/default/tp/Home/Runtime/Cache/7e4848229090366086cc7eeb3bfc0798.php 第 8 行.
INFO: ParseTemplate Behavior ::run [ RunTime:0.028806s ]
INFO: [ view_parse ] --END-- [ RunTime:0.029113s ]
INFO: [ view_filter ] --START--
INFO: ContentReplace Behavior ::run [ RunTime:0.000513s ]
INFO: TokenBuild Behavior ::run [ RunTime:0.000229s ]
INFO: WriteHtmlCache Behavior ::run [ RunTime:0.000317s ]
INFO: ShowRuntime Behavior ::run [ RunTime:0.000745s ]
INFO: [ view_filter ] --END-- [ RunTime:0.002245s ]
INFO: [ view_end ] --START--
INFO: ShowPageTrace Behavior ::run [ RunTime:0.002834s ]
INFO: [ view_end ] --END-- [ RunTime:0.002879s ]

[ 2017-09-12T18:26:03+08:00 ] 220.181.132.197 /tp/
INFO: [ app_begin ] --START--
INFO: ReadHtmlCache Behavior ::run [ RunTime:0.000278s ]
INFO: [ app_begin ] --END-- [ RunTime:0.000313s ]
INFO: [ view_parse ] --START--
NOTIC: [8] Undefined variable: href1 /home/wwwroot/default/tp/Home/Runtime/Cache/7e4848229090366086cc7eeb3bfc0798.php 第 7 行.
NOTIC: [8] Undefined variable: href2 /home/wwwroot/default/tp/Home/Runtime/Cache/7e4848229090366086cc7eeb3bfc0798.php 第 8 行.
INFO: ParseTemplate Behavior ::run [ RunTime:0.017658s ]
INFO: [ view_parse ] --END-- [ RunTime:0.017702s ]
INFO: [ view_filter ] --START--
INFO: ContentReplace Behavior ::run [ RunTime:0.000237s ]
INFO: TokenBuild Behavior ::run [ RunTime:0.000225s ]
INFO: WriteHtmlCache Behavior ::run [ RunTime:0.000155s ]
INFO: ShowRuntime Behavior ::run [ RunTime:0.001289s ]
INFO: [ view_filter ] --END-- [ RunTime:0.001998s ]
INFO: [ view_end ] --START--
INFO: ShowPageTrace Behavior ::run [ RunTime:0.000484s ]
INFO: [ view_end ] --END-- [ RunTime:0.000512s ]

[ 2017-09-12T18:26:12+08:00 ] 220.181.132.200 /tp/
INFO: [ app_begin ] --START--
INFO: ReadHtmlCache Behavior ::run [ RunTime:0.000906s ]
INFO: [ app_begin ] --END-- [ RunTime:0.000957s ]
INFO: [ view_parse ] --START--
NOTIC: [8] Undefined variable: href1 /home/wwwroot/default/tp/Home/Runtime/Cache/7e4848229090366086cc7eeb3bfc0798.php 第 7 行.
NOTIC: [8] Undefined variable: href2 /home/wwwroot/default/tp/Home/Runtime/Cache/7e4848229090366086cc7eeb3bfc0798.php 第 8 行.
INFO: ParseTemplate Behavior ::run [ RunTime:0.009923s ]
INFO: [ view_parse ] --END-- [ RunTime:0.009963s ]
INFO: [ view_filter ] --START--
INFO: ContentReplace Behavior ::run [ RunTime:0.000249s ]
INFO: TokenBuild Behavior ::run [ RunTime:0.000486s ]
INFO: WriteHtmlCache Behavior ::run [ RunTime:0.000170s ]
INFO: ShowRuntime Behavior ::run [ RunTime:0.000342s ]
INFO: [ view_filter ] --END-- [ RunTime:0.001331s ]
INFO: [ view_end ] --START--
INFO: ShowPageTrace Behavior ::run [ RunTime:0.001002s ]
INFO: [ view_end ] --END-- [ RunTime:0.001042s ]

[ 2017-09-12T18:26:21+08:00 ] 106.120.160.119 /tp/index.php/index/fileDetails
INFO: [ route_check ] --START--
INFO: CheckRoute Behavior ::run [ RunTime:0.000479s ]
INFO: [ route_check ] --END-- [ RunTime:0.000527s ]
INFO: [ app_begin ] --START--
INFO: ReadHtmlCache Behavior ::run [ RunTime:0.000336s ]
INFO: [ app_begin ] --END-- [ RunTime:0.000369s ]
INFO: [ view_parse ] --START--
INFO: ParseTemplate Behavior ::run [ RunTime:0.010785s ]
INFO: [ view_parse ] --END-- [ RunTime:0.010839s ]
INFO: [ view_filter ] --START--
INFO: ContentReplace Behavior ::run [ RunTime:0.000235s ]
INFO: TokenBuild Behavior ::run [ RunTime:0.000197s ]
INFO: WriteHtmlCache Behavior ::run [ RunTime:0.000128s ]
INFO: ShowRuntime Behavior ::run [ RunTime:0.000219s ]
INFO: [ view_filter ] --END-- [ RunTime:0.000849s ]
INFO: [ view_end ] --START--
INFO: ShowPageTrace Behavior ::run [ RunTime:0.000301s ]
INFO: [ view_end ] --END-- [ RunTime:0.000322s ]

[ 2017-09-12T18:26:34+08:00 ] 101.199.108.58 /tp/index.php/index/fileDetails
INFO: [ route_check ] --START--
INFO: CheckRoute Behavior ::run [ RunTime:0.000335s ]
INFO: [ route_check ] --END-- [ RunTime:0.000371s ]
INFO: [ app_begin ] --START--
INFO: ReadHtmlCache Behavior ::run [ RunTime:0.000287s ]
INFO: [ app_begin ] --END-- [ RunTime:0.000315s ]
INFO: [ view_parse ] --START--
INFO: ParseTemplate Behavior ::run [ RunTime:0.005541s ]
INFO: [ view_parse ] --END-- [ RunTime:0.008803s ]
INFO: [ view_filter ] --START--
INFO: ContentReplace Behavior ::run [ RunTime:0.000273s ]
INFO: TokenBuild Behavior ::run [ RunTime:0.000224s ]
INFO: WriteHtmlCache Behavior ::run [ RunTime:0.000161s ]
INFO: ShowRuntime Behavior ::run [ RunTime:0.000674s ]
INFO: [ view_filter ] --END-- [ RunTime:0.001409s ]
INFO: [ view_end ] --START--
INFO: ShowPageTrace Behavior ::run [ RunTime:0.000931s ]
INFO: [ view_end ] --END-- [ RunTime:0.001166s ]

[ 2017-09-12T20:42:18+08:00 ] 60.216.135.6 /tp/
INFO: [ app_begin ] --START--
INFO: ReadHtmlCache Behavior ::run [ RunTime:0.000288s ]
INFO: [ app_begin ] --END-- [ RunTime:0.000329s ]
INFO: [ view_parse ] --START--
NOTIC: [8] Undefined variable: href1 /home/wwwroot/default/tp/Home/Runtime/Cache/7e4848229090366086cc7eeb3bfc0798.php 第 7 行.
NOTIC: [8] Undefined variable: href2 /home/wwwroot/default/tp/Home/Runtime/Cache/7e4848229090366086cc7eeb3bfc0798.php 第 8 行.
INFO: ParseTemplate Behavior ::run [ RunTime:0.010173s ]
INFO: [ view_parse ] --END-- [ RunTime:0.010344s ]
INFO: [ view_filter ] --START--
INFO: ContentReplace Behavior ::run [ RunTime:0.000243s ]
INFO: TokenBuild Behavior ::run [ RunTime:0.000253s ]
INFO: WriteHtmlCache Behavior ::run [ RunTime:0.000407s ]
INFO: ShowRuntime Behavior ::run [ RunTime:0.000284s ]
INFO: [ view_filter ] --END-- [ RunTime:0.001266s ]
INFO: [ view_end ] --START--
INFO: ShowPageTrace Behavior ::run [ RunTime:0.000640s ]
INFO: [ view_end ] --END-- [ RunTime:0.000670s ]

[ 2017-09-12T20:42:20+08:00 ] 60.216.135.6 /tp/index.php/index/fileDetails
INFO: [ route_check ] --START--
INFO: CheckRoute Behavior ::run [ RunTime:0.000456s ]
INFO: [ route_check ] --END-- [ RunTime:0.000505s ]
INFO: [ app_begin ] --START--
INFO: ReadHtmlCache Behavior ::run [ RunTime:0.000327s ]
INFO: [ app_begin ] --END-- [ RunTime:0.000355s ]
INFO: [ view_parse ] --START--
INFO: ParseTemplate Behavior ::run [ RunTime:0.011559s ]
INFO: [ view_parse ] --END-- [ RunTime:0.011623s ]
INFO: [ view_filter ] --START--
INFO: ContentReplace Behavior ::run [ RunTime:0.002124s ]
INFO: TokenBuild Behavior ::run [ RunTime:0.000342s ]
INFO: WriteHtmlCache Behavior ::run [ RunTime:0.000175s ]
INFO: ShowRuntime Behavior ::run [ RunTime:0.001189s ]
INFO: [ view_filter ] --END-- [ RunTime:0.003942s ]
INFO: [ view_end ] --START--
INFO: ShowPageTrace Behavior ::run [ RunTime:0.002987s ]
INFO: [ view_end ] --END-- [ RunTime:0.003034s ]

[ 2017-09-12T20:44:45+08:00 ] 106.120.160.119 /tp/index.php/index/upload
INFO: [ route_check ] --START--
INFO: CheckRoute Behavior ::run [ RunTime:0.000550s ]
INFO: [ route_check ] --END-- [ RunTime:0.000598s ]
INFO: [ app_begin ] --START--
INFO: ReadHtmlCache Behavior ::run [ RunTime:0.003354s ]
INFO: [ app_begin ] --END-- [ RunTime:0.003390s ]

[ 2017-09-12T20:44:54+08:00 ] 101.199.112.53 /tp/index.php/index/upload
INFO: [ route_check ] --START--
INFO: CheckRoute Behavior ::run [ RunTime:0.000641s ]
INFO: [ route_check ] --END-- [ RunTime:0.000698s ]
INFO: [ app_begin ] --START--
INFO: ReadHtmlCache Behavior ::run [ RunTime:0.000372s ]
INFO: [ app_begin ] --END-- [ RunTime:0.000408s ]

[ 2017-09-12T20:44:57+08:00 ] 0.0.0.0 /tp/index.php/index/upload
INFO: [ route_check ] --START--
INFO: CheckRoute Behavior ::run [ RunTime:0.000320s ]
INFO: [ route_check ] --END-- [ RunTime:0.000355s ]
INFO: [ app_begin ] --START--
INFO: ReadHtmlCache Behavior ::run [ RunTime:0.000232s ]
INFO: [ app_begin ] --END-- [ RunTime:0.000254s ]
NOTIC: [8] Undefined offset: 0 /home/wwwroot/default/tp/ThinkPHP/Common/functions.php 第 734 行.

[ 2017-09-12T20:45:00+08:00 ] 0.0.0.0 /tp/index.php/index/upload
INFO: [ route_check ] --START--
INFO: CheckRoute Behavior ::run [ RunTime:0.000523s ]
INFO: [ route_check ] --END-- [ RunTime:0.000588s ]
INFO: [ app_begin ] --START--
INFO: ReadHtmlCache Behavior ::run [ RunTime:0.000338s ]
INFO: [ app_begin ] --END-- [ RunTime:0.000371s ]
NOTIC: [8] Undefined offset: 0 /home/wwwroot/default/tp/ThinkPHP/Common/functions.php 第 734 行.

[ 2017-09-12T20:50:10+08:00 ] 60.216.135.6 /tp/index.php/index/upload
INFO: [ route_check ] --START--
INFO: CheckRoute Behavior ::run [ RunTime:0.000349s ]
INFO: [ route_check ] --END-- [ RunTime:0.000396s ]
INFO: [ app_begin ] --START--
INFO: ReadHtmlCache Behavior ::run [ RunTime:0.000231s ]
INFO: [ app_begin ] --END-- [ RunTime:0.000253s ]

