[ 2017-08-19T14:15:57+08:00 ] 112.38.217.10 /tp/index.php/index/fileDetails
INFO: [ route_check ] --START--
INFO: CheckRoute Behavior ::run [ RunTime:0.001624s ]
INFO: [ route_check ] --END-- [ RunTime:0.002220s ]
INFO: [ app_begin ] --START--
INFO: ReadHtmlCache Behavior ::run [ RunTime:0.001352s ]
INFO: [ app_begin ] --END-- [ RunTime:0.001667s ]
INFO: [ view_parse ] --START--
INFO: ParseTemplate Behavior ::run [ RunTime:0.031800s ]
INFO: [ view_parse ] --END-- [ RunTime:0.032096s ]
INFO: [ view_filter ] --START--
INFO: ContentReplace Behavior ::run [ RunTime:0.000827s ]
INFO: TokenBuild Behavior ::run [ RunTime:0.000562s ]
INFO: WriteHtmlCache Behavior ::run [ RunTime:0.000314s ]
INFO: ShowRuntime Behavior ::run [ RunTime:0.002025s ]
INFO: [ view_filter ] --END-- [ RunTime:0.004049s ]
INFO: [ view_end ] --START--
INFO: ShowPageTrace Behavior ::run [ RunTime:0.001566s ]
INFO: [ view_end ] --END-- [ RunTime:0.001597s ]

[ 2017-08-19T18:45:43+08:00 ] 112.38.217.8 /tp/index.php/index/fileDetails?rand=0.05235635419073348
INFO: [ route_check ] --START--
INFO: CheckRoute Behavior ::run [ RunTime:0.002182s ]
INFO: [ route_check ] --END-- [ RunTime:0.003162s ]
INFO: [ app_begin ] --START--
INFO: ReadHtmlCache Behavior ::run [ RunTime:0.001595s ]
INFO: [ app_begin ] --END-- [ RunTime:0.001631s ]
INFO: [ view_parse ] --START--
INFO: ParseTemplate Behavior ::run [ RunTime:0.019973s ]
INFO: [ view_parse ] --END-- [ RunTime:0.020263s ]
INFO: [ view_filter ] --START--
INFO: ContentReplace Behavior ::run [ RunTime:0.000651s ]
INFO: TokenBuild Behavior ::run [ RunTime:0.000554s ]
INFO: WriteHtmlCache Behavior ::run [ RunTime:0.000287s ]
INFO: ShowRuntime Behavior ::run [ RunTime:0.000925s ]
INFO: [ view_filter ] --END-- [ RunTime:0.002839s ]
INFO: [ view_end ] --START--
INFO: ShowPageTrace Behavior ::run [ RunTime:0.000704s ]
INFO: [ view_end ] --END-- [ RunTime:0.000729s ]

[ 2017-08-19T18:45:53+08:00 ] 112.38.217.8 /tp/index.php/index/fileDetails
INFO: [ route_check ] --START--
INFO: CheckRoute Behavior ::run [ RunTime:0.001741s ]
INFO: [ route_check ] --END-- [ RunTime:0.002004s ]
INFO: [ app_begin ] --START--
INFO: ReadHtmlCache Behavior ::run [ RunTime:0.000959s ]
INFO: [ app_begin ] --END-- [ RunTime:0.001124s ]
INFO: [ view_parse ] --START--
INFO: ParseTemplate Behavior ::run [ RunTime:0.020872s ]
INFO: [ view_parse ] --END-- [ RunTime:0.023857s ]
INFO: [ view_filter ] --START--
INFO: ContentReplace Behavior ::run [ RunTime:0.000568s ]
INFO: TokenBuild Behavior ::run [ RunTime:0.000363s ]
INFO: WriteHtmlCache Behavior ::run [ RunTime:0.000128s ]
INFO: ShowRuntime Behavior ::run [ RunTime:0.000680s ]
INFO: [ view_filter ] --END-- [ RunTime:0.001977s ]
INFO: [ view_end ] --START--
INFO: ShowPageTrace Behavior ::run [ RunTime:0.001136s ]
INFO: [ view_end ] --END-- [ RunTime:0.001165s ]

