[ 2017-07-27T17:56:16+08:00 ] 60.216.135.9 /tp/
INFO: [ app_begin ] --START--
INFO: ReadHtmlCache Behavior ::run [ RunTime:0.004881s ]
INFO: [ app_begin ] --END-- [ RunTime:0.005807s ]
INFO: [ view_parse ] --START--
NOTIC: [8] Undefined variable: href1 /home/wwwroot/default/tp/Home/Runtime/Cache/7e4848229090366086cc7eeb3bfc0798.php 第 7 行.
NOTIC: [8] Undefined variable: href2 /home/wwwroot/default/tp/Home/Runtime/Cache/7e4848229090366086cc7eeb3bfc0798.php 第 8 行.
INFO: ParseTemplate Behavior ::run [ RunTime:0.023610s ]
INFO: [ view_parse ] --END-- [ RunTime:0.024007s ]
INFO: [ view_filter ] --START--
INFO: ContentReplace Behavior ::run [ RunTime:0.000495s ]
INFO: TokenBuild Behavior ::run [ RunTime:0.000561s ]
INFO: WriteHtmlCache Behavior ::run [ RunTime:0.000332s ]
INFO: ShowRuntime Behavior ::run [ RunTime:0.001756s ]
INFO: [ view_filter ] --END-- [ RunTime:0.003847s ]
INFO: [ view_end ] --START--
INFO: ShowPageTrace Behavior ::run [ RunTime:0.001551s ]
INFO: [ view_end ] --END-- [ RunTime:0.001786s ]

[ 2017-07-27T17:56:47+08:00 ] 106.120.160.119 /tp/
INFO: [ app_begin ] --START--
INFO: ReadHtmlCache Behavior ::run [ RunTime:0.000389s ]
INFO: [ app_begin ] --END-- [ RunTime:0.000425s ]
INFO: [ view_parse ] --START--
NOTIC: [8] Undefined variable: href1 /home/wwwroot/default/tp/Home/Runtime/Cache/7e4848229090366086cc7eeb3bfc0798.php 第 7 行.
NOTIC: [8] Undefined variable: href2 /home/wwwroot/default/tp/Home/Runtime/Cache/7e4848229090366086cc7eeb3bfc0798.php 第 8 行.
INFO: ParseTemplate Behavior ::run [ RunTime:0.009711s ]
INFO: [ view_parse ] --END-- [ RunTime:0.009807s ]
INFO: [ view_filter ] --START--
INFO: ContentReplace Behavior ::run [ RunTime:0.000247s ]
INFO: TokenBuild Behavior ::run [ RunTime:0.000232s ]
INFO: WriteHtmlCache Behavior ::run [ RunTime:0.000171s ]
INFO: ShowRuntime Behavior ::run [ RunTime:0.000268s ]
INFO: [ view_filter ] --END-- [ RunTime:0.001002s ]
INFO: [ view_end ] --START--
INFO: ShowPageTrace Behavior ::run [ RunTime:0.000365s ]
INFO: [ view_end ] --END-- [ RunTime:0.000395s ]

[ 2017-07-27T17:56:49+08:00 ] 60.216.135.9 /tp/index.php/index/fileDetails
INFO: [ route_check ] --START--
INFO: CheckRoute Behavior ::run [ RunTime:0.002655s ]
INFO: [ route_check ] --END-- [ RunTime:0.003412s ]
INFO: [ app_begin ] --START--
INFO: ReadHtmlCache Behavior ::run [ RunTime:0.001406s ]
INFO: [ app_begin ] --END-- [ RunTime:0.001833s ]
INFO: [ view_parse ] --START--
INFO: ParseTemplate Behavior ::run [ RunTime:0.018304s ]
INFO: [ view_parse ] --END-- [ RunTime:0.018592s ]
INFO: [ view_filter ] --START--
INFO: ContentReplace Behavior ::run [ RunTime:0.000642s ]
INFO: TokenBuild Behavior ::run [ RunTime:0.000191s ]
INFO: WriteHtmlCache Behavior ::run [ RunTime:0.000229s ]
INFO: ShowRuntime Behavior ::run [ RunTime:0.000955s ]
INFO: [ view_filter ] --END-- [ RunTime:0.002244s ]
INFO: [ view_end ] --START--
INFO: ShowPageTrace Behavior ::run [ RunTime:0.001264s ]
INFO: [ view_end ] --END-- [ RunTime:0.001535s ]

[ 2017-07-27T17:56:54+08:00 ] 220.181.132.194 /tp/
INFO: [ app_begin ] --START--
INFO: ReadHtmlCache Behavior ::run [ RunTime:0.000311s ]
INFO: [ app_begin ] --END-- [ RunTime:0.000355s ]
INFO: [ view_parse ] --START--
NOTIC: [8] Undefined variable: href1 /home/wwwroot/default/tp/Home/Runtime/Cache/7e4848229090366086cc7eeb3bfc0798.php 第 7 行.
NOTIC: [8] Undefined variable: href2 /home/wwwroot/default/tp/Home/Runtime/Cache/7e4848229090366086cc7eeb3bfc0798.php 第 8 行.
INFO: ParseTemplate Behavior ::run [ RunTime:0.011053s ]
INFO: [ view_parse ] --END-- [ RunTime:0.011091s ]
INFO: [ view_filter ] --START--
INFO: ContentReplace Behavior ::run [ RunTime:0.000217s ]
INFO: TokenBuild Behavior ::run [ RunTime:0.000166s ]
INFO: WriteHtmlCache Behavior ::run [ RunTime:0.000136s ]
INFO: ShowRuntime Behavior ::run [ RunTime:0.000241s ]
INFO: [ view_filter ] --END-- [ RunTime:0.000824s ]
INFO: [ view_end ] --START--
INFO: ShowPageTrace Behavior ::run [ RunTime:0.000350s ]
INFO: [ view_end ] --END-- [ RunTime:0.000377s ]

[ 2017-07-27T17:57:00+08:00 ] 106.120.161.66 /tp/
INFO: [ app_begin ] --START--
INFO: ReadHtmlCache Behavior ::run [ RunTime:0.000293s ]
INFO: [ app_begin ] --END-- [ RunTime:0.000330s ]
INFO: [ view_parse ] --START--
NOTIC: [8] Undefined variable: href1 /home/wwwroot/default/tp/Home/Runtime/Cache/7e4848229090366086cc7eeb3bfc0798.php 第 7 行.
NOTIC: [8] Undefined variable: href2 /home/wwwroot/default/tp/Home/Runtime/Cache/7e4848229090366086cc7eeb3bfc0798.php 第 8 行.
INFO: ParseTemplate Behavior ::run [ RunTime:0.017877s ]
INFO: [ view_parse ] --END-- [ RunTime:0.017905s ]
INFO: [ view_filter ] --START--
INFO: ContentReplace Behavior ::run [ RunTime:0.000183s ]
INFO: TokenBuild Behavior ::run [ RunTime:0.000164s ]
INFO: WriteHtmlCache Behavior ::run [ RunTime:0.000117s ]
INFO: ShowRuntime Behavior ::run [ RunTime:0.000191s ]
INFO: [ view_filter ] --END-- [ RunTime:0.000720s ]
INFO: [ view_end ] --START--
INFO: ShowPageTrace Behavior ::run [ RunTime:0.000268s ]
INFO: [ view_end ] --END-- [ RunTime:0.000292s ]

[ 2017-07-27T17:57:15+08:00 ] 101.199.112.49 /tp/
INFO: [ app_begin ] --START--
INFO: ReadHtmlCache Behavior ::run [ RunTime:0.002214s ]
INFO: [ app_begin ] --END-- [ RunTime:0.002267s ]
INFO: [ view_parse ] --START--
NOTIC: [8] Undefined variable: href1 /home/wwwroot/default/tp/Home/Runtime/Cache/7e4848229090366086cc7eeb3bfc0798.php 第 7 行.
NOTIC: [8] Undefined variable: href2 /home/wwwroot/default/tp/Home/Runtime/Cache/7e4848229090366086cc7eeb3bfc0798.php 第 8 行.
INFO: ParseTemplate Behavior ::run [ RunTime:0.006493s ]
INFO: [ view_parse ] --END-- [ RunTime:0.006553s ]
INFO: [ view_filter ] --START--
INFO: ContentReplace Behavior ::run [ RunTime:0.000458s ]
INFO: TokenBuild Behavior ::run [ RunTime:0.000484s ]
INFO: WriteHtmlCache Behavior ::run [ RunTime:0.000228s ]
INFO: ShowRuntime Behavior ::run [ RunTime:0.001861s ]
INFO: [ view_filter ] --END-- [ RunTime:0.003637s ]
INFO: [ view_end ] --START--
INFO: ShowPageTrace Behavior ::run [ RunTime:0.000591s ]
INFO: [ view_end ] --END-- [ RunTime:0.000637s ]

[ 2017-07-27T17:57:37+08:00 ] 106.120.160.119 /tp/index.php/index/fileDetails
INFO: [ route_check ] --START--
INFO: CheckRoute Behavior ::run [ RunTime:0.000949s ]
INFO: [ route_check ] --END-- [ RunTime:0.000991s ]
INFO: [ app_begin ] --START--
INFO: ReadHtmlCache Behavior ::run [ RunTime:0.000487s ]
INFO: [ app_begin ] --END-- [ RunTime:0.000509s ]
INFO: [ view_parse ] --START--
INFO: ParseTemplate Behavior ::run [ RunTime:0.014220s ]
INFO: [ view_parse ] --END-- [ RunTime:0.014269s ]
INFO: [ view_filter ] --START--
INFO: ContentReplace Behavior ::run [ RunTime:0.000231s ]
INFO: TokenBuild Behavior ::run [ RunTime:0.000181s ]
INFO: WriteHtmlCache Behavior ::run [ RunTime:0.000145s ]
INFO: ShowRuntime Behavior ::run [ RunTime:0.000815s ]
INFO: [ view_filter ] --END-- [ RunTime:0.001694s ]
INFO: [ view_end ] --START--
INFO: ShowPageTrace Behavior ::run [ RunTime:0.000765s ]
INFO: [ view_end ] --END-- [ RunTime:0.000989s ]

[ 2017-07-27T17:57:54+08:00 ] 101.199.108.50 /tp/index.php/index/fileDetails
INFO: [ route_check ] --START--
INFO: CheckRoute Behavior ::run [ RunTime:0.000574s ]
INFO: [ route_check ] --END-- [ RunTime:0.000658s ]
INFO: [ app_begin ] --START--
INFO: ReadHtmlCache Behavior ::run [ RunTime:0.000521s ]
INFO: [ app_begin ] --END-- [ RunTime:0.000550s ]
INFO: [ view_parse ] --START--
INFO: ParseTemplate Behavior ::run [ RunTime:0.021737s ]
INFO: [ view_parse ] --END-- [ RunTime:0.021799s ]
INFO: [ view_filter ] --START--
INFO: ContentReplace Behavior ::run [ RunTime:0.000198s ]
INFO: TokenBuild Behavior ::run [ RunTime:0.000185s ]
INFO: WriteHtmlCache Behavior ::run [ RunTime:0.000133s ]
INFO: ShowRuntime Behavior ::run [ RunTime:0.000218s ]
INFO: [ view_filter ] --END-- [ RunTime:0.000799s ]
INFO: [ view_end ] --START--
INFO: ShowPageTrace Behavior ::run [ RunTime:0.000276s ]
INFO: [ view_end ] --END-- [ RunTime:0.000301s ]

[ 2017-07-27T17:58:52+08:00 ] 60.216.135.9 /tp/index.php/index/upload
INFO: [ route_check ] --START--
INFO: CheckRoute Behavior ::run [ RunTime:0.000361s ]
INFO: [ route_check ] --END-- [ RunTime:0.000399s ]
INFO: [ app_begin ] --START--
INFO: ReadHtmlCache Behavior ::run [ RunTime:0.000251s ]
INFO: [ app_begin ] --END-- [ RunTime:0.000277s ]

[ 2017-07-27T17:59:09+08:00 ] 60.216.135.9 /tp/index.php/index/fileDetails
INFO: [ route_check ] --START--
INFO: CheckRoute Behavior ::run [ RunTime:0.000679s ]
INFO: [ route_check ] --END-- [ RunTime:0.000732s ]
INFO: [ app_begin ] --START--
INFO: ReadHtmlCache Behavior ::run [ RunTime:0.000380s ]
INFO: [ app_begin ] --END-- [ RunTime:0.000413s ]
INFO: [ view_parse ] --START--
INFO: ParseTemplate Behavior ::run [ RunTime:0.005664s ]
INFO: [ view_parse ] --END-- [ RunTime:0.005708s ]
INFO: [ view_filter ] --START--
INFO: ContentReplace Behavior ::run [ RunTime:0.000258s ]
INFO: TokenBuild Behavior ::run [ RunTime:0.000239s ]
INFO: WriteHtmlCache Behavior ::run [ RunTime:0.000173s ]
INFO: ShowRuntime Behavior ::run [ RunTime:0.000269s ]
INFO: [ view_filter ] --END-- [ RunTime:0.001026s ]
INFO: [ view_end ] --START--
INFO: ShowPageTrace Behavior ::run [ RunTime:0.000407s ]
INFO: [ view_end ] --END-- [ RunTime:0.000437s ]

[ 2017-07-27T17:59:34+08:00 ] 60.216.135.9 /tp/index.php/index/delfile/Python%E7%BD%91%E7%BB%9C%E7%BC%96%E7%A8%8B%E6%94%BB%E7%95%A5.pdf
INFO: [ route_check ] --START--
INFO: CheckRoute Behavior ::run [ RunTime:0.000468s ]
INFO: [ route_check ] --END-- [ RunTime:0.000515s ]
INFO: [ app_begin ] --START--
INFO: ReadHtmlCache Behavior ::run [ RunTime:0.000385s ]
INFO: [ app_begin ] --END-- [ RunTime:0.000415s ]
NOTIC: 建议使用I方法替代_get

[ 2017-07-27T17:59:38+08:00 ] 60.216.135.9 /tp/index.php/index/fileDetails
INFO: [ route_check ] --START--
INFO: CheckRoute Behavior ::run [ RunTime:0.000723s ]
INFO: [ route_check ] --END-- [ RunTime:0.001052s ]
INFO: [ app_begin ] --START--
INFO: ReadHtmlCache Behavior ::run [ RunTime:0.000445s ]
INFO: [ app_begin ] --END-- [ RunTime:0.000496s ]
INFO: [ view_parse ] --START--
INFO: ParseTemplate Behavior ::run [ RunTime:0.008897s ]
INFO: [ view_parse ] --END-- [ RunTime:0.008947s ]
INFO: [ view_filter ] --START--
INFO: ContentReplace Behavior ::run [ RunTime:0.000605s ]
INFO: TokenBuild Behavior ::run [ RunTime:0.000358s ]
INFO: WriteHtmlCache Behavior ::run [ RunTime:0.000177s ]
INFO: ShowRuntime Behavior ::run [ RunTime:0.000294s ]
INFO: [ view_filter ] --END-- [ RunTime:0.001523s ]
INFO: [ view_end ] --START--
INFO: ShowPageTrace Behavior ::run [ RunTime:0.000616s ]
INFO: [ view_end ] --END-- [ RunTime:0.000647s ]

[ 2017-07-27T17:59:39+08:00 ] 60.216.135.9 /tp/index.php/index/fileDetails
INFO: [ route_check ] --START--
INFO: CheckRoute Behavior ::run [ RunTime:0.000567s ]
INFO: [ route_check ] --END-- [ RunTime:0.000629s ]
INFO: [ app_begin ] --START--
INFO: ReadHtmlCache Behavior ::run [ RunTime:0.000454s ]
INFO: [ app_begin ] --END-- [ RunTime:0.000486s ]
INFO: [ view_parse ] --START--
INFO: ParseTemplate Behavior ::run [ RunTime:0.016475s ]
INFO: [ view_parse ] --END-- [ RunTime:0.016522s ]
INFO: [ view_filter ] --START--
INFO: ContentReplace Behavior ::run [ RunTime:0.000202s ]
INFO: TokenBuild Behavior ::run [ RunTime:0.000181s ]
INFO: WriteHtmlCache Behavior ::run [ RunTime:0.000135s ]
INFO: ShowRuntime Behavior ::run [ RunTime:0.000203s ]
INFO: [ view_filter ] --END-- [ RunTime:0.000785s ]
INFO: [ view_end ] --START--
INFO: ShowPageTrace Behavior ::run [ RunTime:0.000406s ]
INFO: [ view_end ] --END-- [ RunTime:0.000436s ]

[ 2017-07-27T17:59:39+08:00 ] 60.216.135.9 /tp/index.php/index/fileDetails
INFO: [ route_check ] --START--
INFO: CheckRoute Behavior ::run [ RunTime:0.000327s ]
INFO: [ route_check ] --END-- [ RunTime:0.000363s ]
INFO: [ app_begin ] --START--
INFO: ReadHtmlCache Behavior ::run [ RunTime:0.000272s ]
INFO: [ app_begin ] --END-- [ RunTime:0.000293s ]
INFO: [ view_parse ] --START--
INFO: ParseTemplate Behavior ::run [ RunTime:0.018322s ]
INFO: [ view_parse ] --END-- [ RunTime:0.018362s ]
INFO: [ view_filter ] --START--
INFO: ContentReplace Behavior ::run [ RunTime:0.000201s ]
INFO: TokenBuild Behavior ::run [ RunTime:0.000173s ]
INFO: WriteHtmlCache Behavior ::run [ RunTime:0.000147s ]
INFO: ShowRuntime Behavior ::run [ RunTime:0.000212s ]
INFO: [ view_filter ] --END-- [ RunTime:0.000875s ]
INFO: [ view_end ] --START--
INFO: ShowPageTrace Behavior ::run [ RunTime:0.000408s ]
INFO: [ view_end ] --END-- [ RunTime:0.000440s ]

[ 2017-07-27T17:59:41+08:00 ] 106.120.161.66 /tp/index.php/index/upload
INFO: [ route_check ] --START--
INFO: CheckRoute Behavior ::run [ RunTime:0.001659s ]
INFO: [ route_check ] --END-- [ RunTime:0.001704s ]
INFO: [ app_begin ] --START--
INFO: ReadHtmlCache Behavior ::run [ RunTime:0.000355s ]
INFO: [ app_begin ] --END-- [ RunTime:0.000380s ]

[ 2017-07-27T17:59:56+08:00 ] 101.199.112.54 /tp/index.php/index/upload
INFO: [ route_check ] --START--
INFO: CheckRoute Behavior ::run [ RunTime:0.000352s ]
INFO: [ route_check ] --END-- [ RunTime:0.000389s ]
INFO: [ app_begin ] --START--
INFO: ReadHtmlCache Behavior ::run [ RunTime:0.000234s ]
INFO: [ app_begin ] --END-- [ RunTime:0.000256s ]

[ 2017-07-27T17:59:59+08:00 ] 0.0.0.0 /tp/index.php/index/upload
INFO: [ route_check ] --START--
INFO: CheckRoute Behavior ::run [ RunTime:0.000448s ]
INFO: [ route_check ] --END-- [ RunTime:0.000495s ]
INFO: [ app_begin ] --START--
INFO: ReadHtmlCache Behavior ::run [ RunTime:0.001010s ]
INFO: [ app_begin ] --END-- [ RunTime:0.001070s ]
NOTIC: [8] Undefined offset: 0 /home/wwwroot/default/tp/ThinkPHP/Common/functions.php 第 734 行.

[ 2017-07-27T18:00:02+08:00 ] 0.0.0.0 /tp/index.php/index/upload
INFO: [ route_check ] --START--
INFO: CheckRoute Behavior ::run [ RunTime:0.001377s ]
INFO: [ route_check ] --END-- [ RunTime:0.001435s ]
INFO: [ app_begin ] --START--
INFO: ReadHtmlCache Behavior ::run [ RunTime:0.001531s ]
INFO: [ app_begin ] --END-- [ RunTime:0.001574s ]
NOTIC: [8] Undefined offset: 0 /home/wwwroot/default/tp/ThinkPHP/Common/functions.php 第 734 行.

[ 2017-07-27T18:01:02+08:00 ] 60.216.135.9 /tp/index.php/index/upload
INFO: [ route_check ] --START--
INFO: CheckRoute Behavior ::run [ RunTime:0.000413s ]
INFO: [ route_check ] --END-- [ RunTime:0.000452s ]
INFO: [ app_begin ] --START--
INFO: ReadHtmlCache Behavior ::run [ RunTime:0.000376s ]
INFO: [ app_begin ] --END-- [ RunTime:0.000406s ]

[ 2017-07-27T18:01:07+08:00 ] 60.216.135.9 /tp/index.php/index/fileDetails
INFO: [ route_check ] --START--
INFO: CheckRoute Behavior ::run [ RunTime:0.000372s ]
INFO: [ route_check ] --END-- [ RunTime:0.000409s ]
INFO: [ app_begin ] --START--
INFO: ReadHtmlCache Behavior ::run [ RunTime:0.000311s ]
INFO: [ app_begin ] --END-- [ RunTime:0.000334s ]
INFO: [ view_parse ] --START--
INFO: ParseTemplate Behavior ::run [ RunTime:0.004402s ]
INFO: [ view_parse ] --END-- [ RunTime:0.004464s ]
INFO: [ view_filter ] --START--
INFO: ContentReplace Behavior ::run [ RunTime:0.000246s ]
INFO: TokenBuild Behavior ::run [ RunTime:0.000260s ]
INFO: WriteHtmlCache Behavior ::run [ RunTime:0.000175s ]
INFO: ShowRuntime Behavior ::run [ RunTime:0.000315s ]
INFO: [ view_filter ] --END-- [ RunTime:0.001079s ]
INFO: [ view_end ] --START--
INFO: ShowPageTrace Behavior ::run [ RunTime:0.000369s ]
INFO: [ view_end ] --END-- [ RunTime:0.000396s ]

[ 2017-07-27T18:01:09+08:00 ] 60.216.135.9 /tp/index.php/index/fileDetails
INFO: [ route_check ] --START--
INFO: CheckRoute Behavior ::run [ RunTime:0.000495s ]
INFO: [ route_check ] --END-- [ RunTime:0.000537s ]
INFO: [ app_begin ] --START--
INFO: ReadHtmlCache Behavior ::run [ RunTime:0.000254s ]
INFO: [ app_begin ] --END-- [ RunTime:0.000300s ]
INFO: [ view_parse ] --START--
INFO: ParseTemplate Behavior ::run [ RunTime:0.010880s ]
INFO: [ view_parse ] --END-- [ RunTime:0.010923s ]
INFO: [ view_filter ] --START--
INFO: ContentReplace Behavior ::run [ RunTime:0.000289s ]
INFO: TokenBuild Behavior ::run [ RunTime:0.000215s ]
INFO: WriteHtmlCache Behavior ::run [ RunTime:0.000132s ]
INFO: ShowRuntime Behavior ::run [ RunTime:0.000186s ]
INFO: [ view_filter ] --END-- [ RunTime:0.000885s ]
INFO: [ view_end ] --START--
INFO: ShowPageTrace Behavior ::run [ RunTime:0.000334s ]
INFO: [ view_end ] --END-- [ RunTime:0.000354s ]

[ 2017-07-27T18:02:04+08:00 ] 60.216.135.9 /tp/index.php/index/upload
INFO: [ route_check ] --START--
INFO: CheckRoute Behavior ::run [ RunTime:0.000522s ]
INFO: [ route_check ] --END-- [ RunTime:0.000571s ]
INFO: [ app_begin ] --START--
INFO: ReadHtmlCache Behavior ::run [ RunTime:0.000644s ]
INFO: [ app_begin ] --END-- [ RunTime:0.000675s ]

[ 2017-07-27T18:02:08+08:00 ] 60.216.135.9 /tp/index.php/index/fileDetails
INFO: [ route_check ] --START--
INFO: CheckRoute Behavior ::run [ RunTime:0.000344s ]
INFO: [ route_check ] --END-- [ RunTime:0.000409s ]
INFO: [ app_begin ] --START--
INFO: ReadHtmlCache Behavior ::run [ RunTime:0.000444s ]
INFO: [ app_begin ] --END-- [ RunTime:0.000480s ]
INFO: [ view_parse ] --START--
INFO: ParseTemplate Behavior ::run [ RunTime:0.012676s ]
INFO: [ view_parse ] --END-- [ RunTime:0.012724s ]
INFO: [ view_filter ] --START--
INFO: ContentReplace Behavior ::run [ RunTime:0.000208s ]
INFO: TokenBuild Behavior ::run [ RunTime:0.000225s ]
INFO: WriteHtmlCache Behavior ::run [ RunTime:0.000130s ]
INFO: ShowRuntime Behavior ::run [ RunTime:0.000210s ]
INFO: [ view_filter ] --END-- [ RunTime:0.000841s ]
INFO: [ view_end ] --START--
INFO: ShowPageTrace Behavior ::run [ RunTime:0.000253s ]
INFO: [ view_end ] --END-- [ RunTime:0.000273s ]

[ 2017-07-27T18:55:18+08:00 ] 60.216.135.9 /tp/index.php/index/upload
INFO: [ route_check ] --START--
INFO: CheckRoute Behavior ::run [ RunTime:0.000429s ]
INFO: [ route_check ] --END-- [ RunTime:0.000465s ]
INFO: [ app_begin ] --START--
INFO: ReadHtmlCache Behavior ::run [ RunTime:0.000225s ]
INFO: [ app_begin ] --END-- [ RunTime:0.000258s ]

[ 2017-07-27T18:55:31+08:00 ] 60.216.135.9 /tp/index.php/index/fileDetails
INFO: [ route_check ] --START--
INFO: CheckRoute Behavior ::run [ RunTime:0.000394s ]
INFO: [ route_check ] --END-- [ RunTime:0.000436s ]
INFO: [ app_begin ] --START--
INFO: ReadHtmlCache Behavior ::run [ RunTime:0.000240s ]
INFO: [ app_begin ] --END-- [ RunTime:0.000268s ]
INFO: [ view_parse ] --START--
INFO: ParseTemplate Behavior ::run [ RunTime:0.004127s ]
INFO: [ view_parse ] --END-- [ RunTime:0.004168s ]
INFO: [ view_filter ] --START--
INFO: ContentReplace Behavior ::run [ RunTime:0.000232s ]
INFO: TokenBuild Behavior ::run [ RunTime:0.000177s ]
INFO: WriteHtmlCache Behavior ::run [ RunTime:0.000125s ]
INFO: ShowRuntime Behavior ::run [ RunTime:0.000233s ]
INFO: [ view_filter ] --END-- [ RunTime:0.000836s ]
INFO: [ view_end ] --START--
INFO: ShowPageTrace Behavior ::run [ RunTime:0.000945s ]
INFO: [ view_end ] --END-- [ RunTime:0.000973s ]

