[ 2017-07-30T18:47:18+08:00 ] 60.216.135.9 /tp/
INFO: [ app_begin ] --START--
INFO: ReadHtmlCache Behavior ::run [ RunTime:0.002337s ]
INFO: [ app_begin ] --END-- [ RunTime:0.003121s ]
INFO: [ view_parse ] --START--
NOTIC: [8] Undefined variable: href1 /home/wwwroot/default/tp/Home/Runtime/Cache/7e4848229090366086cc7eeb3bfc0798.php 第 7 行.
NOTIC: [8] Undefined variable: href2 /home/wwwroot/default/tp/Home/Runtime/Cache/7e4848229090366086cc7eeb3bfc0798.php 第 8 行.
INFO: ParseTemplate Behavior ::run [ RunTime:0.025249s ]
INFO: [ view_parse ] --END-- [ RunTime:0.025472s ]
INFO: [ view_filter ] --START--
INFO: ContentReplace Behavior ::run [ RunTime:0.000509s ]
INFO: TokenBuild Behavior ::run [ RunTime:0.000351s ]
INFO: WriteHtmlCache Behavior ::run [ RunTime:0.000305s ]
INFO: ShowRuntime Behavior ::run [ RunTime:0.001307s ]
INFO: [ view_filter ] --END-- [ RunTime:0.002820s ]
INFO: [ view_end ] --START--
INFO: ShowPageTrace Behavior ::run [ RunTime:0.001226s ]
INFO: [ view_end ] --END-- [ RunTime:0.001399s ]

[ 2017-07-30T18:47:29+08:00 ] 60.216.135.9 /tp/index.php/index/fileDetails
INFO: [ route_check ] --START--
INFO: CheckRoute Behavior ::run [ RunTime:0.001032s ]
INFO: [ route_check ] --END-- [ RunTime:0.001072s ]
INFO: [ app_begin ] --START--
INFO: ReadHtmlCache Behavior ::run [ RunTime:0.000420s ]
INFO: [ app_begin ] --END-- [ RunTime:0.000444s ]
INFO: [ view_parse ] --START--
INFO: ParseTemplate Behavior ::run [ RunTime:0.012708s ]
INFO: [ view_parse ] --END-- [ RunTime:0.012907s ]
INFO: [ view_filter ] --START--
INFO: ContentReplace Behavior ::run [ RunTime:0.000374s ]
INFO: TokenBuild Behavior ::run [ RunTime:0.000169s ]
INFO: WriteHtmlCache Behavior ::run [ RunTime:0.000552s ]
INFO: ShowRuntime Behavior ::run [ RunTime:0.000487s ]
INFO: [ view_filter ] --END-- [ RunTime:0.001667s ]
INFO: [ view_end ] --START--
INFO: ShowPageTrace Behavior ::run [ RunTime:0.000985s ]
INFO: [ view_end ] --END-- [ RunTime:0.001011s ]

[ 2017-07-30T18:52:45+08:00 ] 60.216.135.9 /tp/index.php/index/upload
INFO: [ route_check ] --START--
INFO: CheckRoute Behavior ::run [ RunTime:0.000348s ]
INFO: [ route_check ] --END-- [ RunTime:0.000391s ]
INFO: [ app_begin ] --START--
INFO: ReadHtmlCache Behavior ::run [ RunTime:0.000227s ]
INFO: [ app_begin ] --END-- [ RunTime:0.000252s ]

