[ 2017-07-28T15:34:37+08:00 ] 210.44.144.25 /tp/
INFO: [ app_begin ] --START--
INFO: ReadHtmlCache Behavior ::run [ RunTime:0.001966s ]
INFO: [ app_begin ] --END-- [ RunTime:0.002962s ]
INFO: [ view_parse ] --START--
NOTIC: [8] Undefined variable: href1 /home/wwwroot/default/tp/Home/Runtime/Cache/7e4848229090366086cc7eeb3bfc0798.php 第 7 行.
NOTIC: [8] Undefined variable: href2 /home/wwwroot/default/tp/Home/Runtime/Cache/7e4848229090366086cc7eeb3bfc0798.php 第 8 行.
INFO: ParseTemplate Behavior ::run [ RunTime:0.023277s ]
INFO: [ view_parse ] --END-- [ RunTime:0.023319s ]
INFO: [ view_filter ] --START--
INFO: ContentReplace Behavior ::run [ RunTime:0.000593s ]
INFO: TokenBuild Behavior ::run [ RunTime:0.000331s ]
INFO: WriteHtmlCache Behavior ::run [ RunTime:0.000285s ]
INFO: ShowRuntime Behavior ::run [ RunTime:0.001272s ]
INFO: [ view_filter ] --END-- [ RunTime:0.002911s ]
INFO: [ view_end ] --START--
INFO: ShowPageTrace Behavior ::run [ RunTime:0.001238s ]
INFO: [ view_end ] --END-- [ RunTime:0.001269s ]

[ 2017-07-28T15:34:48+08:00 ] 210.44.144.25 /tp/index.php/index/fileDetails
INFO: [ route_check ] --START--
INFO: CheckRoute Behavior ::run [ RunTime:0.000552s ]
INFO: [ route_check ] --END-- [ RunTime:0.000594s ]
INFO: [ app_begin ] --START--
INFO: ReadHtmlCache Behavior ::run [ RunTime:0.000240s ]
INFO: [ app_begin ] --END-- [ RunTime:0.000261s ]
INFO: [ view_parse ] --START--
INFO: ParseTemplate Behavior ::run [ RunTime:0.012712s ]
INFO: [ view_parse ] --END-- [ RunTime:0.012772s ]
INFO: [ view_filter ] --START--
INFO: ContentReplace Behavior ::run [ RunTime:0.000253s ]
INFO: TokenBuild Behavior ::run [ RunTime:0.000169s ]
INFO: WriteHtmlCache Behavior ::run [ RunTime:0.000120s ]
INFO: ShowRuntime Behavior ::run [ RunTime:0.002691s ]
INFO: [ view_filter ] --END-- [ RunTime:0.006146s ]
INFO: [ view_end ] --START--
INFO: ShowPageTrace Behavior ::run [ RunTime:0.000945s ]
INFO: [ view_end ] --END-- [ RunTime:0.001245s ]

[ 2017-07-28T15:35:13+08:00 ] 210.44.144.25 /tp/index.php/index/fileDetails
INFO: [ route_check ] --START--
INFO: CheckRoute Behavior ::run [ RunTime:0.000563s ]
INFO: [ route_check ] --END-- [ RunTime:0.000614s ]
INFO: [ app_begin ] --START--
INFO: ReadHtmlCache Behavior ::run [ RunTime:0.000381s ]
INFO: [ app_begin ] --END-- [ RunTime:0.000413s ]
INFO: [ view_parse ] --START--
INFO: ParseTemplate Behavior ::run [ RunTime:0.012730s ]
INFO: [ view_parse ] --END-- [ RunTime:0.012787s ]
INFO: [ view_filter ] --START--
INFO: ContentReplace Behavior ::run [ RunTime:0.000577s ]
INFO: TokenBuild Behavior ::run [ RunTime:0.000242s ]
INFO: WriteHtmlCache Behavior ::run [ RunTime:0.000208s ]
INFO: ShowRuntime Behavior ::run [ RunTime:0.000290s ]
INFO: [ view_filter ] --END-- [ RunTime:0.001402s ]
INFO: [ view_end ] --START--
INFO: ShowPageTrace Behavior ::run [ RunTime:0.000477s ]
INFO: [ view_end ] --END-- [ RunTime:0.000506s ]

[ 2017-07-28T16:48:55+08:00 ] 104.194.95.177 /tp/index.php/index/fileDetails
INFO: [ route_check ] --START--
INFO: CheckRoute Behavior ::run [ RunTime:0.002358s ]
INFO: [ route_check ] --END-- [ RunTime:0.002850s ]
INFO: [ app_begin ] --START--
INFO: ReadHtmlCache Behavior ::run [ RunTime:0.001710s ]
INFO: [ app_begin ] --END-- [ RunTime:0.001985s ]
INFO: [ view_parse ] --START--
INFO: ParseTemplate Behavior ::run [ RunTime:0.032144s ]
INFO: [ view_parse ] --END-- [ RunTime:0.032392s ]
INFO: [ view_filter ] --START--
INFO: ContentReplace Behavior ::run [ RunTime:0.000674s ]
INFO: TokenBuild Behavior ::run [ RunTime:0.000305s ]
INFO: WriteHtmlCache Behavior ::run [ RunTime:0.000198s ]
INFO: ShowRuntime Behavior ::run [ RunTime:0.001679s ]
INFO: [ view_filter ] --END-- [ RunTime:0.003485s ]
INFO: [ view_end ] --START--
INFO: ShowPageTrace Behavior ::run [ RunTime:0.001744s ]
INFO: [ view_end ] --END-- [ RunTime:0.001785s ]

[ 2017-07-28T16:49:52+08:00 ] 104.194.95.177 /tp/index.php/index/upload
INFO: [ route_check ] --START--
INFO: CheckRoute Behavior ::run [ RunTime:0.000577s ]
INFO: [ route_check ] --END-- [ RunTime:0.000625s ]
INFO: [ app_begin ] --START--
INFO: ReadHtmlCache Behavior ::run [ RunTime:0.000328s ]
INFO: [ app_begin ] --END-- [ RunTime:0.000367s ]

[ 2017-07-28T16:50:32+08:00 ] 210.44.144.25 /tp/index.php/index/fileDetails
INFO: [ route_check ] --START--
INFO: CheckRoute Behavior ::run [ RunTime:0.000344s ]
INFO: [ route_check ] --END-- [ RunTime:0.000380s ]
INFO: [ app_begin ] --START--
INFO: ReadHtmlCache Behavior ::run [ RunTime:0.000233s ]
INFO: [ app_begin ] --END-- [ RunTime:0.000254s ]
INFO: [ view_parse ] --START--
INFO: ParseTemplate Behavior ::run [ RunTime:0.003972s ]
INFO: [ view_parse ] --END-- [ RunTime:0.004008s ]
INFO: [ view_filter ] --START--
INFO: ContentReplace Behavior ::run [ RunTime:0.000177s ]
INFO: TokenBuild Behavior ::run [ RunTime:0.000171s ]
INFO: WriteHtmlCache Behavior ::run [ RunTime:0.000120s ]
INFO: ShowRuntime Behavior ::run [ RunTime:0.000224s ]
INFO: [ view_filter ] --END-- [ RunTime:0.000761s ]
INFO: [ view_end ] --START--
INFO: ShowPageTrace Behavior ::run [ RunTime:0.000485s ]
INFO: [ view_end ] --END-- [ RunTime:0.000510s ]

